{
  error: backend/config/passport.ts(15,17): error TS2769: No overload matches this call.
    The last overload gave the following error.
      Type 'string | undefined' is not assignable to type 'string'.
        Type 'undefined' is not assignable to type 'string'.
          Type 'string | undefined' is not assignable to type 'string'.
            Type 'undefined' is not assignable to type 'string'.
  backend/config/passport.ts(16,17): error TS2769: No overload matches this call.
    The last overload gave the following error.
      Type 'string | undefined' is not assignable to type 'string'.
        Type 'undefined' is not assignable to type 'string'.
          Type 'string | undefined' is not assignable to type 'string'.
            Type 'undefined' is not assignable to type 'string'.
  ,
  level: 'error',
  message: 'uncaughtException: ⨯ Unable to compile TypeScript:\n' +
    'backend/config/passport.ts(15,17): error TS2769: No overload matches this call.\r\n' +
    '  The last overload gave the following error.\r\n' +
    "    Type 'string | undefined' is not assignable to type 'string'.\r\n" +
    "      Type 'undefined' is not assignable to type 'string'.\r\n" +
    "        Type 'string | undefined' is not assignable to type 'string'.\r\n" +
    "          Type 'undefined' is not assignable to type 'string'.\r\n" +
    'backend/config/passport.ts(16,17): error TS2769: No overload matches this call.\r\n' +
    '  The last overload gave the following error.\r\n' +
    "    Type 'string | undefined' is not assignable to type 'string'.\r\n" +
    "      Type 'undefined' is not assignable to type 'string'.\r\n" +
    "        Type 'string | undefined' is not assignable to type 'string'.\r\n" +
    "          Type 'undefined' is not assignable to type 'string'.\r\n" +
    '\n' +
    'TSError: ⨯ Unable to compile TypeScript:\n' +
    'backend/config/passport.ts(15,17): error TS2769: No overload matches this call.\r\n' +
    '  The last overload gave the following error.\r\n' +
    "    Type 'string | undefined' is not assignable to type 'string'.\r\n" +
    "      Type 'undefined' is not assignable to type 'string'.\r\n" +
    "        Type 'string | undefined' is not assignable to type 'string'.\r\n" +
    "          Type 'undefined' is not assignable to type 'string'.\r\n" +
    'backend/config/passport.ts(16,17): error TS2769: No overload matches this call.\r\n' +
    '  The last overload gave the following error.\r\n' +
    "    Type 'string | undefined' is not assignable to type 'string'.\r\n" +
    "      Type 'undefined' is not assignable to type 'string'.\r\n" +
    "        Type 'string | undefined' is not assignable to type 'string'.\r\n" +
    "          Type 'undefined' is not assignable to type 'string'.\r\n" +
    '\n' +
    '    at createTSError (D:\\Projects\\chat-app\\node_modules\\ts-node\\src\\index.ts:859:12)\n' +
    '    at reportTSError (D:\\Projects\\chat-app\\node_modules\\ts-node\\src\\index.ts:863:19)\n' +
    '    at getOutput (D:\\Projects\\chat-app\\node_modules\\ts-node\\src\\index.ts:1077:36)\n' +
    '    at Object.compile (D:\\Projects\\chat-app\\node_modules\\ts-node\\src\\index.ts:1433:41)\n' +
    '    at Module.m._compile (D:\\Projects\\chat-app\\node_modules\\ts-node\\src\\index.ts:1617:30)\n' +
    '    at Module._extensions..js (node:internal/modules/cjs/loader:1427:10)\n' +
    '    at Object.require.extensions.<computed> [as .ts] (D:\\Projects\\chat-app\\node_modules\\ts-node\\src\\index.ts:1621:12)\n' +
    '    at Module.load (node:internal/modules/cjs/loader:1206:32)\n' +
    '    at Function.Module._load (node:internal/modules/cjs/loader:1022:12)\n' +
    '    at Module.require (node:internal/modules/cjs/loader:1231:19)',
  stack: 'TSError: ⨯ Unable to compile TypeScript:\n' +
    'backend/config/passport.ts(15,17): error TS2769: No overload matches this call.\r\n' +
    '  The last overload gave the following error.\r\n' +
    "    Type 'string | undefined' is not assignable to type 'string'.\r\n" +
    "      Type 'undefined' is not assignable to type 'string'.\r\n" +
    "        Type 'string | undefined' is not assignable to type 'string'.\r\n" +
    "          Type 'undefined' is not assignable to type 'string'.\r\n" +
    'backend/config/passport.ts(16,17): error TS2769: No overload matches this call.\r\n' +
    '  The last overload gave the following error.\r\n' +
    "    Type 'string | undefined' is not assignable to type 'string'.\r\n" +
    "      Type 'undefined' is not assignable to type 'string'.\r\n" +
    "        Type 'string | undefined' is not assignable to type 'string'.\r\n" +
    "          Type 'undefined' is not assignable to type 'string'.\r\n" +
    '\n' +
    '    at createTSError (D:\\Projects\\chat-app\\node_modules\\ts-node\\src\\index.ts:859:12)\n' +
    '    at reportTSError (D:\\Projects\\chat-app\\node_modules\\ts-node\\src\\index.ts:863:19)\n' +
    '    at getOutput (D:\\Projects\\chat-app\\node_modules\\ts-node\\src\\index.ts:1077:36)\n' +
    '    at Object.compile (D:\\Projects\\chat-app\\node_modules\\ts-node\\src\\index.ts:1433:41)\n' +
    '    at Module.m._compile (D:\\Projects\\chat-app\\node_modules\\ts-node\\src\\index.ts:1617:30)\n' +
    '    at Module._extensions..js (node:internal/modules/cjs/loader:1427:10)\n' +
    '    at Object.require.extensions.<computed> [as .ts] (D:\\Projects\\chat-app\\node_modules\\ts-node\\src\\index.ts:1621:12)\n' +
    '    at Module.load (node:internal/modules/cjs/loader:1206:32)\n' +
    '    at Function.Module._load (node:internal/modules/cjs/loader:1022:12)\n' +
    '    at Module.require (node:internal/modules/cjs/loader:1231:19)',
  exception: true,
  date: 'Thu Oct 17 2024 14:01:03 GMT+0300 (Восточная Европа, летнее время)',
  process: {
    pid: 16536,
    uid: null,
    gid: null,
    cwd: 'D:\\Projects\\chat-app',
    execPath: 'C:\\Program Files\\nodejs\\node.exe',
    version: 'v20.12.2',
    argv: [
      'D:\\Projects\\chat-app\\node_modules\\ts-node\\dist\\bin.js',
      'D:\\Projects\\chat-app\\backend\\app.ts'
    ],
    memoryUsage: {
      rss: 404504576,
      heapTotal: 352768000,
      heapUsed: 325848880,
      external: 26942729,
      arrayBuffers: 22992201
    }
  },
  os: { loadavg: [ 0, 0, 0 ], uptime: 420661.656 },
  trace: [
    {
      column: 12,
      file: 'D:\\Projects\\chat-app\\node_modules\\ts-node\\src\\index.ts',
      function: 'createTSError',
      line: 859,
      method: null,
      native: false
    },
    {
      column: 19,
      file: 'D:\\Projects\\chat-app\\node_modules\\ts-node\\src\\index.ts',
      function: 'reportTSError',
      line: 863,
      method: null,
      native: false
    },
    {
      column: 36,
      file: 'D:\\Projects\\chat-app\\node_modules\\ts-node\\src\\index.ts',
      function: 'getOutput',
      line: 1077,
      method: null,
      native: false
    },
    {
      column: 41,
      file: 'D:\\Projects\\chat-app\\node_modules\\ts-node\\src\\index.ts',
      function: 'Object.compile',
      line: 1433,
      method: 'compile',
      native: false
    },
    {
      column: 30,
      file: 'D:\\Projects\\chat-app\\node_modules\\ts-node\\src\\index.ts',
      function: 'Module.m._compile',
      line: 1617,
      method: '_compile',
      native: false
    },
    {
      column: 10,
      file: 'node:internal/modules/cjs/loader',
      function: 'Module._extensions..js',
      line: 1427,
      method: '.js',
      native: false
    },
    {
      column: 12,
      file: 'D:\\Projects\\chat-app\\node_modules\\ts-node\\src\\index.ts',
      function: 'Object.require.extensions.<computed> [as .ts]',
      line: 1621,
      method: 'ts]',
      native: false
    },
    {
      column: 32,
      file: 'node:internal/modules/cjs/loader',
      function: 'Module.load',
      line: 1206,
      method: 'load',
      native: false
    },
    {
      column: 12,
      file: 'node:internal/modules/cjs/loader',
      function: 'Module._load',
      line: 1022,
      method: '_load',
      native: false
    },
    {
      column: 19,
      file: 'node:internal/modules/cjs/loader',
      function: 'Module.require',
      line: 1231,
      method: 'require',
      native: false
    }
  ],
  timestamp: '2024-10-17 02:01:03.690 PM'
}
{
  error: backend/config/passport.ts(15,17): error TS2769: No overload matches this call.
    The last overload gave the following error.
      Type 'string | undefined' is not assignable to type 'string'.
        Type 'undefined' is not assignable to type 'string'.
          Type 'string | undefined' is not assignable to type 'string'.
            Type 'undefined' is not assignable to type 'string'.
  backend/config/passport.ts(16,17): error TS2769: No overload matches this call.
    The last overload gave the following error.
      Type 'string | undefined' is not assignable to type 'string'.
        Type 'undefined' is not assignable to type 'string'.
          Type 'string | undefined' is not assignable to type 'string'.
            Type 'undefined' is not assignable to type 'string'.
  ,
  level: 'error',
  message: 'uncaughtException: ⨯ Unable to compile TypeScript:\n' +
    'backend/config/passport.ts(15,17): error TS2769: No overload matches this call.\r\n' +
    '  The last overload gave the following error.\r\n' +
    "    Type 'string | undefined' is not assignable to type 'string'.\r\n" +
    "      Type 'undefined' is not assignable to type 'string'.\r\n" +
    "        Type 'string | undefined' is not assignable to type 'string'.\r\n" +
    "          Type 'undefined' is not assignable to type 'string'.\r\n" +
    'backend/config/passport.ts(16,17): error TS2769: No overload matches this call.\r\n' +
    '  The last overload gave the following error.\r\n' +
    "    Type 'string | undefined' is not assignable to type 'string'.\r\n" +
    "      Type 'undefined' is not assignable to type 'string'.\r\n" +
    "        Type 'string | undefined' is not assignable to type 'string'.\r\n" +
    "          Type 'undefined' is not assignable to type 'string'.\r\n" +
    '\n' +
    'TSError: ⨯ Unable to compile TypeScript:\n' +
    'backend/config/passport.ts(15,17): error TS2769: No overload matches this call.\r\n' +
    '  The last overload gave the following error.\r\n' +
    "    Type 'string | undefined' is not assignable to type 'string'.\r\n" +
    "      Type 'undefined' is not assignable to type 'string'.\r\n" +
    "        Type 'string | undefined' is not assignable to type 'string'.\r\n" +
    "          Type 'undefined' is not assignable to type 'string'.\r\n" +
    'backend/config/passport.ts(16,17): error TS2769: No overload matches this call.\r\n' +
    '  The last overload gave the following error.\r\n' +
    "    Type 'string | undefined' is not assignable to type 'string'.\r\n" +
    "      Type 'undefined' is not assignable to type 'string'.\r\n" +
    "        Type 'string | undefined' is not assignable to type 'string'.\r\n" +
    "          Type 'undefined' is not assignable to type 'string'.\r\n" +
    '\n' +
    '    at createTSError (D:\\Projects\\chat-app\\node_modules\\ts-node\\src\\index.ts:859:12)\n' +
    '    at reportTSError (D:\\Projects\\chat-app\\node_modules\\ts-node\\src\\index.ts:863:19)\n' +
    '    at getOutput (D:\\Projects\\chat-app\\node_modules\\ts-node\\src\\index.ts:1077:36)\n' +
    '    at Object.compile (D:\\Projects\\chat-app\\node_modules\\ts-node\\src\\index.ts:1433:41)\n' +
    '    at Module.m._compile (D:\\Projects\\chat-app\\node_modules\\ts-node\\src\\index.ts:1617:30)\n' +
    '    at Module._extensions..js (node:internal/modules/cjs/loader:1427:10)\n' +
    '    at Object.require.extensions.<computed> [as .ts] (D:\\Projects\\chat-app\\node_modules\\ts-node\\src\\index.ts:1621:12)\n' +
    '    at Module.load (node:internal/modules/cjs/loader:1206:32)\n' +
    '    at Function.Module._load (node:internal/modules/cjs/loader:1022:12)\n' +
    '    at Module.require (node:internal/modules/cjs/loader:1231:19)',
  stack: 'TSError: ⨯ Unable to compile TypeScript:\n' +
    'backend/config/passport.ts(15,17): error TS2769: No overload matches this call.\r\n' +
    '  The last overload gave the following error.\r\n' +
    "    Type 'string | undefined' is not assignable to type 'string'.\r\n" +
    "      Type 'undefined' is not assignable to type 'string'.\r\n" +
    "        Type 'string | undefined' is not assignable to type 'string'.\r\n" +
    "          Type 'undefined' is not assignable to type 'string'.\r\n" +
    'backend/config/passport.ts(16,17): error TS2769: No overload matches this call.\r\n' +
    '  The last overload gave the following error.\r\n' +
    "    Type 'string | undefined' is not assignable to type 'string'.\r\n" +
    "      Type 'undefined' is not assignable to type 'string'.\r\n" +
    "        Type 'string | undefined' is not assignable to type 'string'.\r\n" +
    "          Type 'undefined' is not assignable to type 'string'.\r\n" +
    '\n' +
    '    at createTSError (D:\\Projects\\chat-app\\node_modules\\ts-node\\src\\index.ts:859:12)\n' +
    '    at reportTSError (D:\\Projects\\chat-app\\node_modules\\ts-node\\src\\index.ts:863:19)\n' +
    '    at getOutput (D:\\Projects\\chat-app\\node_modules\\ts-node\\src\\index.ts:1077:36)\n' +
    '    at Object.compile (D:\\Projects\\chat-app\\node_modules\\ts-node\\src\\index.ts:1433:41)\n' +
    '    at Module.m._compile (D:\\Projects\\chat-app\\node_modules\\ts-node\\src\\index.ts:1617:30)\n' +
    '    at Module._extensions..js (node:internal/modules/cjs/loader:1427:10)\n' +
    '    at Object.require.extensions.<computed> [as .ts] (D:\\Projects\\chat-app\\node_modules\\ts-node\\src\\index.ts:1621:12)\n' +
    '    at Module.load (node:internal/modules/cjs/loader:1206:32)\n' +
    '    at Function.Module._load (node:internal/modules/cjs/loader:1022:12)\n' +
    '    at Module.require (node:internal/modules/cjs/loader:1231:19)',
  exception: true,
  date: 'Thu Oct 17 2024 14:01:09 GMT+0300 (Восточная Европа, летнее время)',
  process: {
    pid: 16796,
    uid: null,
    gid: null,
    cwd: 'D:\\Projects\\chat-app',
    execPath: 'C:\\Program Files\\nodejs\\node.exe',
    version: 'v20.12.2',
    argv: [
      'D:\\Projects\\chat-app\\node_modules\\ts-node\\dist\\bin.js',
      'D:\\Projects\\chat-app\\backend\\app.ts'
    ],
    memoryUsage: {
      rss: 406372352,
      heapTotal: 353292288,
      heapUsed: 325084888,
      external: 26980412,
      arrayBuffers: 23029884
    }
  },
  os: { loadavg: [ 0, 0, 0 ], uptime: 420667.203 },
  trace: [
    {
      column: 12,
      file: 'D:\\Projects\\chat-app\\node_modules\\ts-node\\src\\index.ts',
      function: 'createTSError',
      line: 859,
      method: null,
      native: false
    },
    {
      column: 19,
      file: 'D:\\Projects\\chat-app\\node_modules\\ts-node\\src\\index.ts',
      function: 'reportTSError',
      line: 863,
      method: null,
      native: false
    },
    {
      column: 36,
      file: 'D:\\Projects\\chat-app\\node_modules\\ts-node\\src\\index.ts',
      function: 'getOutput',
      line: 1077,
      method: null,
      native: false
    },
    {
      column: 41,
      file: 'D:\\Projects\\chat-app\\node_modules\\ts-node\\src\\index.ts',
      function: 'Object.compile',
      line: 1433,
      method: 'compile',
      native: false
    },
    {
      column: 30,
      file: 'D:\\Projects\\chat-app\\node_modules\\ts-node\\src\\index.ts',
      function: 'Module.m._compile',
      line: 1617,
      method: '_compile',
      native: false
    },
    {
      column: 10,
      file: 'node:internal/modules/cjs/loader',
      function: 'Module._extensions..js',
      line: 1427,
      method: '.js',
      native: false
    },
    {
      column: 12,
      file: 'D:\\Projects\\chat-app\\node_modules\\ts-node\\src\\index.ts',
      function: 'Object.require.extensions.<computed> [as .ts]',
      line: 1621,
      method: 'ts]',
      native: false
    },
    {
      column: 32,
      file: 'node:internal/modules/cjs/loader',
      function: 'Module.load',
      line: 1206,
      method: 'load',
      native: false
    },
    {
      column: 12,
      file: 'node:internal/modules/cjs/loader',
      function: 'Module._load',
      line: 1022,
      method: '_load',
      native: false
    },
    {
      column: 19,
      file: 'node:internal/modules/cjs/loader',
      function: 'Module.require',
      line: 1231,
      method: 'require',
      native: false
    }
  ],
  timestamp: '2024-10-17 02:01:09.228 PM'
}
{
  error: backend/config/passport.ts(56,13): error TS2304: Cannot find name 'GitHubStrategy'.
  backend/config/passport.ts(62,20): error TS7006: Parameter 'accessToken' implicitly has an 'any' type.
  backend/config/passport.ts(62,33): error TS7006: Parameter 'refreshToken' implicitly has an 'any' type.
  backend/config/passport.ts(62,47): error TS7006: Parameter 'profile' implicitly has an 'any' type.
  backend/config/passport.ts(62,56): error TS7006: Parameter 'done' implicitly has an 'any' type.
  ,
  level: 'error',
  message: 'uncaughtException: ⨯ Unable to compile TypeScript:\n' +
    "backend/config/passport.ts(56,13): error TS2304: Cannot find name 'GitHubStrategy'.\r\n" +
    "backend/config/passport.ts(62,20): error TS7006: Parameter 'accessToken' implicitly has an 'any' type.\r\n" +
    "backend/config/passport.ts(62,33): error TS7006: Parameter 'refreshToken' implicitly has an 'any' type.\r\n" +
    "backend/config/passport.ts(62,47): error TS7006: Parameter 'profile' implicitly has an 'any' type.\r\n" +
    "backend/config/passport.ts(62,56): error TS7006: Parameter 'done' implicitly has an 'any' type.\r\n" +
    '\n' +
    'TSError: ⨯ Unable to compile TypeScript:\n' +
    "backend/config/passport.ts(56,13): error TS2304: Cannot find name 'GitHubStrategy'.\r\n" +
    "backend/config/passport.ts(62,20): error TS7006: Parameter 'accessToken' implicitly has an 'any' type.\r\n" +
    "backend/config/passport.ts(62,33): error TS7006: Parameter 'refreshToken' implicitly has an 'any' type.\r\n" +
    "backend/config/passport.ts(62,47): error TS7006: Parameter 'profile' implicitly has an 'any' type.\r\n" +
    "backend/config/passport.ts(62,56): error TS7006: Parameter 'done' implicitly has an 'any' type.\r\n" +
    '\n' +
    '    at createTSError (D:\\Projects\\chat-app\\node_modules\\ts-node\\src\\index.ts:859:12)\n' +
    '    at reportTSError (D:\\Projects\\chat-app\\node_modules\\ts-node\\src\\index.ts:863:19)\n' +
    '    at getOutput (D:\\Projects\\chat-app\\node_modules\\ts-node\\src\\index.ts:1077:36)\n' +
    '    at Object.compile (D:\\Projects\\chat-app\\node_modules\\ts-node\\src\\index.ts:1433:41)\n' +
    '    at Module.m._compile (D:\\Projects\\chat-app\\node_modules\\ts-node\\src\\index.ts:1617:30)\n' +
    '    at Module._extensions..js (node:internal/modules/cjs/loader:1427:10)\n' +
    '    at Object.require.extensions.<computed> [as .ts] (D:\\Projects\\chat-app\\node_modules\\ts-node\\src\\index.ts:1621:12)\n' +
    '    at Module.load (node:internal/modules/cjs/loader:1206:32)\n' +
    '    at Function.Module._load (node:internal/modules/cjs/loader:1022:12)\n' +
    '    at Module.require (node:internal/modules/cjs/loader:1231:19)',
  stack: 'TSError: ⨯ Unable to compile TypeScript:\n' +
    "backend/config/passport.ts(56,13): error TS2304: Cannot find name 'GitHubStrategy'.\r\n" +
    "backend/config/passport.ts(62,20): error TS7006: Parameter 'accessToken' implicitly has an 'any' type.\r\n" +
    "backend/config/passport.ts(62,33): error TS7006: Parameter 'refreshToken' implicitly has an 'any' type.\r\n" +
    "backend/config/passport.ts(62,47): error TS7006: Parameter 'profile' implicitly has an 'any' type.\r\n" +
    "backend/config/passport.ts(62,56): error TS7006: Parameter 'done' implicitly has an 'any' type.\r\n" +
    '\n' +
    '    at createTSError (D:\\Projects\\chat-app\\node_modules\\ts-node\\src\\index.ts:859:12)\n' +
    '    at reportTSError (D:\\Projects\\chat-app\\node_modules\\ts-node\\src\\index.ts:863:19)\n' +
    '    at getOutput (D:\\Projects\\chat-app\\node_modules\\ts-node\\src\\index.ts:1077:36)\n' +
    '    at Object.compile (D:\\Projects\\chat-app\\node_modules\\ts-node\\src\\index.ts:1433:41)\n' +
    '    at Module.m._compile (D:\\Projects\\chat-app\\node_modules\\ts-node\\src\\index.ts:1617:30)\n' +
    '    at Module._extensions..js (node:internal/modules/cjs/loader:1427:10)\n' +
    '    at Object.require.extensions.<computed> [as .ts] (D:\\Projects\\chat-app\\node_modules\\ts-node\\src\\index.ts:1621:12)\n' +
    '    at Module.load (node:internal/modules/cjs/loader:1206:32)\n' +
    '    at Function.Module._load (node:internal/modules/cjs/loader:1022:12)\n' +
    '    at Module.require (node:internal/modules/cjs/loader:1231:19)',
  exception: true,
  date: 'Thu Oct 17 2024 15:05:17 GMT+0300 (Восточная Европа, летнее время)',
  process: {
    pid: 23484,
    uid: null,
    gid: null,
    cwd: 'D:\\Projects\\chat-app',
    execPath: 'C:\\Program Files\\nodejs\\node.exe',
    version: 'v20.12.2',
    argv: [
      'D:\\Projects\\chat-app\\node_modules\\ts-node\\dist\\bin.js',
      'D:\\Projects\\chat-app\\backend\\app.ts'
    ],
    memoryUsage: {
      rss: 408125440,
      heapTotal: 355389440,
      heapUsed: 324121176,
      external: 26942729,
      arrayBuffers: 22929789
    }
  },
  os: { loadavg: [ 0, 0, 0 ], uptime: 424515.89 },
  trace: [
    {
      column: 12,
      file: 'D:\\Projects\\chat-app\\node_modules\\ts-node\\src\\index.ts',
      function: 'createTSError',
      line: 859,
      method: null,
      native: false
    },
    {
      column: 19,
      file: 'D:\\Projects\\chat-app\\node_modules\\ts-node\\src\\index.ts',
      function: 'reportTSError',
      line: 863,
      method: null,
      native: false
    },
    {
      column: 36,
      file: 'D:\\Projects\\chat-app\\node_modules\\ts-node\\src\\index.ts',
      function: 'getOutput',
      line: 1077,
      method: null,
      native: false
    },
    {
      column: 41,
      file: 'D:\\Projects\\chat-app\\node_modules\\ts-node\\src\\index.ts',
      function: 'Object.compile',
      line: 1433,
      method: 'compile',
      native: false
    },
    {
      column: 30,
      file: 'D:\\Projects\\chat-app\\node_modules\\ts-node\\src\\index.ts',
      function: 'Module.m._compile',
      line: 1617,
      method: '_compile',
      native: false
    },
    {
      column: 10,
      file: 'node:internal/modules/cjs/loader',
      function: 'Module._extensions..js',
      line: 1427,
      method: '.js',
      native: false
    },
    {
      column: 12,
      file: 'D:\\Projects\\chat-app\\node_modules\\ts-node\\src\\index.ts',
      function: 'Object.require.extensions.<computed> [as .ts]',
      line: 1621,
      method: 'ts]',
      native: false
    },
    {
      column: 32,
      file: 'node:internal/modules/cjs/loader',
      function: 'Module.load',
      line: 1206,
      method: 'load',
      native: false
    },
    {
      column: 12,
      file: 'node:internal/modules/cjs/loader',
      function: 'Module._load',
      line: 1022,
      method: '_load',
      native: false
    },
    {
      column: 19,
      file: 'node:internal/modules/cjs/loader',
      function: 'Module.require',
      line: 1231,
      method: 'require',
      native: false
    }
  ],
  timestamp: '2024-10-17 03:05:17.922 PM'
}
{
  error: backend/config/passport.ts(56,13): error TS2304: Cannot find name 'GitHubStrategy'.
  backend/config/passport.ts(62,20): error TS7006: Parameter 'accessToken' implicitly has an 'any' type.
  backend/config/passport.ts(62,33): error TS7006: Parameter 'refreshToken' implicitly has an 'any' type.
  backend/config/passport.ts(62,47): error TS7006: Parameter 'profile' implicitly has an 'any' type.
  backend/config/passport.ts(62,56): error TS7006: Parameter 'done' implicitly has an 'any' type.
  ,
  level: 'error',
  message: 'uncaughtException: ⨯ Unable to compile TypeScript:\n' +
    "backend/config/passport.ts(56,13): error TS2304: Cannot find name 'GitHubStrategy'.\r\n" +
    "backend/config/passport.ts(62,20): error TS7006: Parameter 'accessToken' implicitly has an 'any' type.\r\n" +
    "backend/config/passport.ts(62,33): error TS7006: Parameter 'refreshToken' implicitly has an 'any' type.\r\n" +
    "backend/config/passport.ts(62,47): error TS7006: Parameter 'profile' implicitly has an 'any' type.\r\n" +
    "backend/config/passport.ts(62,56): error TS7006: Parameter 'done' implicitly has an 'any' type.\r\n" +
    '\n' +
    'TSError: ⨯ Unable to compile TypeScript:\n' +
    "backend/config/passport.ts(56,13): error TS2304: Cannot find name 'GitHubStrategy'.\r\n" +
    "backend/config/passport.ts(62,20): error TS7006: Parameter 'accessToken' implicitly has an 'any' type.\r\n" +
    "backend/config/passport.ts(62,33): error TS7006: Parameter 'refreshToken' implicitly has an 'any' type.\r\n" +
    "backend/config/passport.ts(62,47): error TS7006: Parameter 'profile' implicitly has an 'any' type.\r\n" +
    "backend/config/passport.ts(62,56): error TS7006: Parameter 'done' implicitly has an 'any' type.\r\n" +
    '\n' +
    '    at createTSError (D:\\Projects\\chat-app\\node_modules\\ts-node\\src\\index.ts:859:12)\n' +
    '    at reportTSError (D:\\Projects\\chat-app\\node_modules\\ts-node\\src\\index.ts:863:19)\n' +
    '    at getOutput (D:\\Projects\\chat-app\\node_modules\\ts-node\\src\\index.ts:1077:36)\n' +
    '    at Object.compile (D:\\Projects\\chat-app\\node_modules\\ts-node\\src\\index.ts:1433:41)\n' +
    '    at Module.m._compile (D:\\Projects\\chat-app\\node_modules\\ts-node\\src\\index.ts:1617:30)\n' +
    '    at Module._extensions..js (node:internal/modules/cjs/loader:1427:10)\n' +
    '    at Object.require.extensions.<computed> [as .ts] (D:\\Projects\\chat-app\\node_modules\\ts-node\\src\\index.ts:1621:12)\n' +
    '    at Module.load (node:internal/modules/cjs/loader:1206:32)\n' +
    '    at Function.Module._load (node:internal/modules/cjs/loader:1022:12)\n' +
    '    at Module.require (node:internal/modules/cjs/loader:1231:19)',
  stack: 'TSError: ⨯ Unable to compile TypeScript:\n' +
    "backend/config/passport.ts(56,13): error TS2304: Cannot find name 'GitHubStrategy'.\r\n" +
    "backend/config/passport.ts(62,20): error TS7006: Parameter 'accessToken' implicitly has an 'any' type.\r\n" +
    "backend/config/passport.ts(62,33): error TS7006: Parameter 'refreshToken' implicitly has an 'any' type.\r\n" +
    "backend/config/passport.ts(62,47): error TS7006: Parameter 'profile' implicitly has an 'any' type.\r\n" +
    "backend/config/passport.ts(62,56): error TS7006: Parameter 'done' implicitly has an 'any' type.\r\n" +
    '\n' +
    '    at createTSError (D:\\Projects\\chat-app\\node_modules\\ts-node\\src\\index.ts:859:12)\n' +
    '    at reportTSError (D:\\Projects\\chat-app\\node_modules\\ts-node\\src\\index.ts:863:19)\n' +
    '    at getOutput (D:\\Projects\\chat-app\\node_modules\\ts-node\\src\\index.ts:1077:36)\n' +
    '    at Object.compile (D:\\Projects\\chat-app\\node_modules\\ts-node\\src\\index.ts:1433:41)\n' +
    '    at Module.m._compile (D:\\Projects\\chat-app\\node_modules\\ts-node\\src\\index.ts:1617:30)\n' +
    '    at Module._extensions..js (node:internal/modules/cjs/loader:1427:10)\n' +
    '    at Object.require.extensions.<computed> [as .ts] (D:\\Projects\\chat-app\\node_modules\\ts-node\\src\\index.ts:1621:12)\n' +
    '    at Module.load (node:internal/modules/cjs/loader:1206:32)\n' +
    '    at Function.Module._load (node:internal/modules/cjs/loader:1022:12)\n' +
    '    at Module.require (node:internal/modules/cjs/loader:1231:19)',
  exception: true,
  date: 'Thu Oct 17 2024 15:05:36 GMT+0300 (Восточная Европа, летнее время)',
  process: {
    pid: 17064,
    uid: null,
    gid: null,
    cwd: 'D:\\Projects\\chat-app',
    execPath: 'C:\\Program Files\\nodejs\\node.exe',
    version: 'v20.12.2',
    argv: [
      'D:\\Projects\\chat-app\\node_modules\\ts-node\\dist\\bin.js',
      'D:\\Projects\\chat-app\\backend\\app.ts'
    ],
    memoryUsage: {
      rss: 403353600,
      heapTotal: 355651584,
      heapUsed: 323632472,
      external: 26936265,
      arrayBuffers: 22923325
    }
  },
  os: { loadavg: [ 0, 0, 0 ], uptime: 424534.703 },
  trace: [
    {
      column: 12,
      file: 'D:\\Projects\\chat-app\\node_modules\\ts-node\\src\\index.ts',
      function: 'createTSError',
      line: 859,
      method: null,
      native: false
    },
    {
      column: 19,
      file: 'D:\\Projects\\chat-app\\node_modules\\ts-node\\src\\index.ts',
      function: 'reportTSError',
      line: 863,
      method: null,
      native: false
    },
    {
      column: 36,
      file: 'D:\\Projects\\chat-app\\node_modules\\ts-node\\src\\index.ts',
      function: 'getOutput',
      line: 1077,
      method: null,
      native: false
    },
    {
      column: 41,
      file: 'D:\\Projects\\chat-app\\node_modules\\ts-node\\src\\index.ts',
      function: 'Object.compile',
      line: 1433,
      method: 'compile',
      native: false
    },
    {
      column: 30,
      file: 'D:\\Projects\\chat-app\\node_modules\\ts-node\\src\\index.ts',
      function: 'Module.m._compile',
      line: 1617,
      method: '_compile',
      native: false
    },
    {
      column: 10,
      file: 'node:internal/modules/cjs/loader',
      function: 'Module._extensions..js',
      line: 1427,
      method: '.js',
      native: false
    },
    {
      column: 12,
      file: 'D:\\Projects\\chat-app\\node_modules\\ts-node\\src\\index.ts',
      function: 'Object.require.extensions.<computed> [as .ts]',
      line: 1621,
      method: 'ts]',
      native: false
    },
    {
      column: 32,
      file: 'node:internal/modules/cjs/loader',
      function: 'Module.load',
      line: 1206,
      method: 'load',
      native: false
    },
    {
      column: 12,
      file: 'node:internal/modules/cjs/loader',
      function: 'Module._load',
      line: 1022,
      method: '_load',
      native: false
    },
    {
      column: 19,
      file: 'node:internal/modules/cjs/loader',
      function: 'Module.require',
      line: 1231,
      method: 'require',
      native: false
    }
  ],
  timestamp: '2024-10-17 03:05:36.736 PM'
}
{
  error: backend/config/passport.ts(56,13): error TS2304: Cannot find name 'GitHubStrategy'.
  backend/config/passport.ts(62,20): error TS7006: Parameter 'accessToken' implicitly has an 'any' type.
  backend/config/passport.ts(62,33): error TS7006: Parameter 'refreshToken' implicitly has an 'any' type.
  backend/config/passport.ts(62,47): error TS7006: Parameter 'profile' implicitly has an 'any' type.
  backend/config/passport.ts(62,56): error TS7006: Parameter 'done' implicitly has an 'any' type.
  backend/config/passport.ts(85,16): error TS2304: Cannot find name 'googleAuth'.
  ,
  level: 'error',
  message: 'uncaughtException: ⨯ Unable to compile TypeScript:\n' +
    "backend/config/passport.ts(56,13): error TS2304: Cannot find name 'GitHubStrategy'.\r\n" +
    "backend/config/passport.ts(62,20): error TS7006: Parameter 'accessToken' implicitly has an 'any' type.\r\n" +
    "backend/config/passport.ts(62,33): error TS7006: Parameter 'refreshToken' implicitly has an 'any' type.\r\n" +
    "backend/config/passport.ts(62,47): error TS7006: Parameter 'profile' implicitly has an 'any' type.\r\n" +
    "backend/config/passport.ts(62,56): error TS7006: Parameter 'done' implicitly has an 'any' type.\r\n" +
    "backend/config/passport.ts(85,16): error TS2304: Cannot find name 'googleAuth'.\r\n" +
    '\n' +
    'TSError: ⨯ Unable to compile TypeScript:\n' +
    "backend/config/passport.ts(56,13): error TS2304: Cannot find name 'GitHubStrategy'.\r\n" +
    "backend/config/passport.ts(62,20): error TS7006: Parameter 'accessToken' implicitly has an 'any' type.\r\n" +
    "backend/config/passport.ts(62,33): error TS7006: Parameter 'refreshToken' implicitly has an 'any' type.\r\n" +
    "backend/config/passport.ts(62,47): error TS7006: Parameter 'profile' implicitly has an 'any' type.\r\n" +
    "backend/config/passport.ts(62,56): error TS7006: Parameter 'done' implicitly has an 'any' type.\r\n" +
    "backend/config/passport.ts(85,16): error TS2304: Cannot find name 'googleAuth'.\r\n" +
    '\n' +
    '    at createTSError (D:\\Projects\\chat-app\\node_modules\\ts-node\\src\\index.ts:859:12)\n' +
    '    at reportTSError (D:\\Projects\\chat-app\\node_modules\\ts-node\\src\\index.ts:863:19)\n' +
    '    at getOutput (D:\\Projects\\chat-app\\node_modules\\ts-node\\src\\index.ts:1077:36)\n' +
    '    at Object.compile (D:\\Projects\\chat-app\\node_modules\\ts-node\\src\\index.ts:1433:41)\n' +
    '    at Module.m._compile (D:\\Projects\\chat-app\\node_modules\\ts-node\\src\\index.ts:1617:30)\n' +
    '    at Module._extensions..js (node:internal/modules/cjs/loader:1427:10)\n' +
    '    at Object.require.extensions.<computed> [as .ts] (D:\\Projects\\chat-app\\node_modules\\ts-node\\src\\index.ts:1621:12)\n' +
    '    at Module.load (node:internal/modules/cjs/loader:1206:32)\n' +
    '    at Function.Module._load (node:internal/modules/cjs/loader:1022:12)\n' +
    '    at Module.require (node:internal/modules/cjs/loader:1231:19)',
  stack: 'TSError: ⨯ Unable to compile TypeScript:\n' +
    "backend/config/passport.ts(56,13): error TS2304: Cannot find name 'GitHubStrategy'.\r\n" +
    "backend/config/passport.ts(62,20): error TS7006: Parameter 'accessToken' implicitly has an 'any' type.\r\n" +
    "backend/config/passport.ts(62,33): error TS7006: Parameter 'refreshToken' implicitly has an 'any' type.\r\n" +
    "backend/config/passport.ts(62,47): error TS7006: Parameter 'profile' implicitly has an 'any' type.\r\n" +
    "backend/config/passport.ts(62,56): error TS7006: Parameter 'done' implicitly has an 'any' type.\r\n" +
    "backend/config/passport.ts(85,16): error TS2304: Cannot find name 'googleAuth'.\r\n" +
    '\n' +
    '    at createTSError (D:\\Projects\\chat-app\\node_modules\\ts-node\\src\\index.ts:859:12)\n' +
    '    at reportTSError (D:\\Projects\\chat-app\\node_modules\\ts-node\\src\\index.ts:863:19)\n' +
    '    at getOutput (D:\\Projects\\chat-app\\node_modules\\ts-node\\src\\index.ts:1077:36)\n' +
    '    at Object.compile (D:\\Projects\\chat-app\\node_modules\\ts-node\\src\\index.ts:1433:41)\n' +
    '    at Module.m._compile (D:\\Projects\\chat-app\\node_modules\\ts-node\\src\\index.ts:1617:30)\n' +
    '    at Module._extensions..js (node:internal/modules/cjs/loader:1427:10)\n' +
    '    at Object.require.extensions.<computed> [as .ts] (D:\\Projects\\chat-app\\node_modules\\ts-node\\src\\index.ts:1621:12)\n' +
    '    at Module.load (node:internal/modules/cjs/loader:1206:32)\n' +
    '    at Function.Module._load (node:internal/modules/cjs/loader:1022:12)\n' +
    '    at Module.require (node:internal/modules/cjs/loader:1231:19)',
  exception: true,
  date: 'Thu Oct 17 2024 15:06:03 GMT+0300 (Восточная Европа, летнее время)',
  process: {
    pid: 10236,
    uid: null,
    gid: null,
    cwd: 'D:\\Projects\\chat-app',
    execPath: 'C:\\Program Files\\nodejs\\node.exe',
    version: 'v20.12.2',
    argv: [
      'D:\\Projects\\chat-app\\node_modules\\ts-node\\dist\\bin.js',
      'D:\\Projects\\chat-app\\backend\\app.ts'
    ],
    memoryUsage: {
      rss: 405667840,
      heapTotal: 352505856,
      heapUsed: 316279328,
      external: 26941037,
      arrayBuffers: 22928097
    }
  },
  os: { loadavg: [ 0, 0, 0 ], uptime: 424561.328 },
  trace: [
    {
      column: 12,
      file: 'D:\\Projects\\chat-app\\node_modules\\ts-node\\src\\index.ts',
      function: 'createTSError',
      line: 859,
      method: null,
      native: false
    },
    {
      column: 19,
      file: 'D:\\Projects\\chat-app\\node_modules\\ts-node\\src\\index.ts',
      function: 'reportTSError',
      line: 863,
      method: null,
      native: false
    },
    {
      column: 36,
      file: 'D:\\Projects\\chat-app\\node_modules\\ts-node\\src\\index.ts',
      function: 'getOutput',
      line: 1077,
      method: null,
      native: false
    },
    {
      column: 41,
      file: 'D:\\Projects\\chat-app\\node_modules\\ts-node\\src\\index.ts',
      function: 'Object.compile',
      line: 1433,
      method: 'compile',
      native: false
    },
    {
      column: 30,
      file: 'D:\\Projects\\chat-app\\node_modules\\ts-node\\src\\index.ts',
      function: 'Module.m._compile',
      line: 1617,
      method: '_compile',
      native: false
    },
    {
      column: 10,
      file: 'node:internal/modules/cjs/loader',
      function: 'Module._extensions..js',
      line: 1427,
      method: '.js',
      native: false
    },
    {
      column: 12,
      file: 'D:\\Projects\\chat-app\\node_modules\\ts-node\\src\\index.ts',
      function: 'Object.require.extensions.<computed> [as .ts]',
      line: 1621,
      method: 'ts]',
      native: false
    },
    {
      column: 32,
      file: 'node:internal/modules/cjs/loader',
      function: 'Module.load',
      line: 1206,
      method: 'load',
      native: false
    },
    {
      column: 12,
      file: 'node:internal/modules/cjs/loader',
      function: 'Module._load',
      line: 1022,
      method: '_load',
      native: false
    },
    {
      column: 19,
      file: 'node:internal/modules/cjs/loader',
      function: 'Module.require',
      line: 1231,
      method: 'require',
      native: false
    }
  ],
  timestamp: '2024-10-17 03:06:03.354 PM'
}
{
  error: backend/config/passport.ts(58,13): error TS2304: Cannot find name 'GitHubStrategy'.
  backend/config/passport.ts(64,20): error TS7006: Parameter 'accessToken' implicitly has an 'any' type.
  backend/config/passport.ts(64,33): error TS7006: Parameter 'refreshToken' implicitly has an 'any' type.
  backend/config/passport.ts(64,47): error TS7006: Parameter 'profile' implicitly has an 'any' type.
  backend/config/passport.ts(64,56): error TS7006: Parameter 'done' implicitly has an 'any' type.
  backend/config/passport.ts(87,16): error TS2304: Cannot find name 'googleAuth'.
  ,
  level: 'error',
  message: 'uncaughtException: ⨯ Unable to compile TypeScript:\n' +
    "backend/config/passport.ts(58,13): error TS2304: Cannot find name 'GitHubStrategy'.\r\n" +
    "backend/config/passport.ts(64,20): error TS7006: Parameter 'accessToken' implicitly has an 'any' type.\r\n" +
    "backend/config/passport.ts(64,33): error TS7006: Parameter 'refreshToken' implicitly has an 'any' type.\r\n" +
    "backend/config/passport.ts(64,47): error TS7006: Parameter 'profile' implicitly has an 'any' type.\r\n" +
    "backend/config/passport.ts(64,56): error TS7006: Parameter 'done' implicitly has an 'any' type.\r\n" +
    "backend/config/passport.ts(87,16): error TS2304: Cannot find name 'googleAuth'.\r\n" +
    '\n' +
    'TSError: ⨯ Unable to compile TypeScript:\n' +
    "backend/config/passport.ts(58,13): error TS2304: Cannot find name 'GitHubStrategy'.\r\n" +
    "backend/config/passport.ts(64,20): error TS7006: Parameter 'accessToken' implicitly has an 'any' type.\r\n" +
    "backend/config/passport.ts(64,33): error TS7006: Parameter 'refreshToken' implicitly has an 'any' type.\r\n" +
    "backend/config/passport.ts(64,47): error TS7006: Parameter 'profile' implicitly has an 'any' type.\r\n" +
    "backend/config/passport.ts(64,56): error TS7006: Parameter 'done' implicitly has an 'any' type.\r\n" +
    "backend/config/passport.ts(87,16): error TS2304: Cannot find name 'googleAuth'.\r\n" +
    '\n' +
    '    at createTSError (D:\\Projects\\chat-app\\node_modules\\ts-node\\src\\index.ts:859:12)\n' +
    '    at reportTSError (D:\\Projects\\chat-app\\node_modules\\ts-node\\src\\index.ts:863:19)\n' +
    '    at getOutput (D:\\Projects\\chat-app\\node_modules\\ts-node\\src\\index.ts:1077:36)\n' +
    '    at Object.compile (D:\\Projects\\chat-app\\node_modules\\ts-node\\src\\index.ts:1433:41)\n' +
    '    at Module.m._compile (D:\\Projects\\chat-app\\node_modules\\ts-node\\src\\index.ts:1617:30)\n' +
    '    at Module._extensions..js (node:internal/modules/cjs/loader:1427:10)\n' +
    '    at Object.require.extensions.<computed> [as .ts] (D:\\Projects\\chat-app\\node_modules\\ts-node\\src\\index.ts:1621:12)\n' +
    '    at Module.load (node:internal/modules/cjs/loader:1206:32)\n' +
    '    at Function.Module._load (node:internal/modules/cjs/loader:1022:12)\n' +
    '    at Module.require (node:internal/modules/cjs/loader:1231:19)',
  stack: 'TSError: ⨯ Unable to compile TypeScript:\n' +
    "backend/config/passport.ts(58,13): error TS2304: Cannot find name 'GitHubStrategy'.\r\n" +
    "backend/config/passport.ts(64,20): error TS7006: Parameter 'accessToken' implicitly has an 'any' type.\r\n" +
    "backend/config/passport.ts(64,33): error TS7006: Parameter 'refreshToken' implicitly has an 'any' type.\r\n" +
    "backend/config/passport.ts(64,47): error TS7006: Parameter 'profile' implicitly has an 'any' type.\r\n" +
    "backend/config/passport.ts(64,56): error TS7006: Parameter 'done' implicitly has an 'any' type.\r\n" +
    "backend/config/passport.ts(87,16): error TS2304: Cannot find name 'googleAuth'.\r\n" +
    '\n' +
    '    at createTSError (D:\\Projects\\chat-app\\node_modules\\ts-node\\src\\index.ts:859:12)\n' +
    '    at reportTSError (D:\\Projects\\chat-app\\node_modules\\ts-node\\src\\index.ts:863:19)\n' +
    '    at getOutput (D:\\Projects\\chat-app\\node_modules\\ts-node\\src\\index.ts:1077:36)\n' +
    '    at Object.compile (D:\\Projects\\chat-app\\node_modules\\ts-node\\src\\index.ts:1433:41)\n' +
    '    at Module.m._compile (D:\\Projects\\chat-app\\node_modules\\ts-node\\src\\index.ts:1617:30)\n' +
    '    at Module._extensions..js (node:internal/modules/cjs/loader:1427:10)\n' +
    '    at Object.require.extensions.<computed> [as .ts] (D:\\Projects\\chat-app\\node_modules\\ts-node\\src\\index.ts:1621:12)\n' +
    '    at Module.load (node:internal/modules/cjs/loader:1206:32)\n' +
    '    at Function.Module._load (node:internal/modules/cjs/loader:1022:12)\n' +
    '    at Module.require (node:internal/modules/cjs/loader:1231:19)',
  exception: true,
  date: 'Thu Oct 17 2024 15:06:07 GMT+0300 (Восточная Европа, летнее время)',
  process: {
    pid: 11064,
    uid: null,
    gid: null,
    cwd: 'D:\\Projects\\chat-app',
    execPath: 'C:\\Program Files\\nodejs\\node.exe',
    version: 'v20.12.2',
    argv: [
      'D:\\Projects\\chat-app\\node_modules\\ts-node\\dist\\bin.js',
      'D:\\Projects\\chat-app\\backend\\app.ts'
    ],
    memoryUsage: {
      rss: 405123072,
      heapTotal: 352768000,
      heapUsed: 316520184,
      external: 26942617,
      arrayBuffers: 22929677
    }
  },
  os: { loadavg: [ 0, 0, 0 ], uptime: 424565.484 },
  trace: [
    {
      column: 12,
      file: 'D:\\Projects\\chat-app\\node_modules\\ts-node\\src\\index.ts',
      function: 'createTSError',
      line: 859,
      method: null,
      native: false
    },
    {
      column: 19,
      file: 'D:\\Projects\\chat-app\\node_modules\\ts-node\\src\\index.ts',
      function: 'reportTSError',
      line: 863,
      method: null,
      native: false
    },
    {
      column: 36,
      file: 'D:\\Projects\\chat-app\\node_modules\\ts-node\\src\\index.ts',
      function: 'getOutput',
      line: 1077,
      method: null,
      native: false
    },
    {
      column: 41,
      file: 'D:\\Projects\\chat-app\\node_modules\\ts-node\\src\\index.ts',
      function: 'Object.compile',
      line: 1433,
      method: 'compile',
      native: false
    },
    {
      column: 30,
      file: 'D:\\Projects\\chat-app\\node_modules\\ts-node\\src\\index.ts',
      function: 'Module.m._compile',
      line: 1617,
      method: '_compile',
      native: false
    },
    {
      column: 10,
      file: 'node:internal/modules/cjs/loader',
      function: 'Module._extensions..js',
      line: 1427,
      method: '.js',
      native: false
    },
    {
      column: 12,
      file: 'D:\\Projects\\chat-app\\node_modules\\ts-node\\src\\index.ts',
      function: 'Object.require.extensions.<computed> [as .ts]',
      line: 1621,
      method: 'ts]',
      native: false
    },
    {
      column: 32,
      file: 'node:internal/modules/cjs/loader',
      function: 'Module.load',
      line: 1206,
      method: 'load',
      native: false
    },
    {
      column: 12,
      file: 'node:internal/modules/cjs/loader',
      function: 'Module._load',
      line: 1022,
      method: '_load',
      native: false
    },
    {
      column: 19,
      file: 'node:internal/modules/cjs/loader',
      function: 'Module.require',
      line: 1231,
      method: 'require',
      native: false
    }
  ],
  timestamp: '2024-10-17 03:06:07.505 PM'
}
{
  error: backend/config/passport.ts(58,13): error TS2304: Cannot find name 'GitHubStrategy'.
  backend/config/passport.ts(64,20): error TS7006: Parameter 'accessToken' implicitly has an 'any' type.
  backend/config/passport.ts(64,33): error TS7006: Parameter 'refreshToken' implicitly has an 'any' type.
  backend/config/passport.ts(64,47): error TS7006: Parameter 'profile' implicitly has an 'any' type.
  backend/config/passport.ts(64,56): error TS7006: Parameter 'done' implicitly has an 'any' type.
  backend/config/passport.ts(87,16): error TS2304: Cannot find name 'googleAuth'.
  ,
  level: 'error',
  message: 'uncaughtException: ⨯ Unable to compile TypeScript:\n' +
    "backend/config/passport.ts(58,13): error TS2304: Cannot find name 'GitHubStrategy'.\r\n" +
    "backend/config/passport.ts(64,20): error TS7006: Parameter 'accessToken' implicitly has an 'any' type.\r\n" +
    "backend/config/passport.ts(64,33): error TS7006: Parameter 'refreshToken' implicitly has an 'any' type.\r\n" +
    "backend/config/passport.ts(64,47): error TS7006: Parameter 'profile' implicitly has an 'any' type.\r\n" +
    "backend/config/passport.ts(64,56): error TS7006: Parameter 'done' implicitly has an 'any' type.\r\n" +
    "backend/config/passport.ts(87,16): error TS2304: Cannot find name 'googleAuth'.\r\n" +
    '\n' +
    'TSError: ⨯ Unable to compile TypeScript:\n' +
    "backend/config/passport.ts(58,13): error TS2304: Cannot find name 'GitHubStrategy'.\r\n" +
    "backend/config/passport.ts(64,20): error TS7006: Parameter 'accessToken' implicitly has an 'any' type.\r\n" +
    "backend/config/passport.ts(64,33): error TS7006: Parameter 'refreshToken' implicitly has an 'any' type.\r\n" +
    "backend/config/passport.ts(64,47): error TS7006: Parameter 'profile' implicitly has an 'any' type.\r\n" +
    "backend/config/passport.ts(64,56): error TS7006: Parameter 'done' implicitly has an 'any' type.\r\n" +
    "backend/config/passport.ts(87,16): error TS2304: Cannot find name 'googleAuth'.\r\n" +
    '\n' +
    '    at createTSError (D:\\Projects\\chat-app\\node_modules\\ts-node\\src\\index.ts:859:12)\n' +
    '    at reportTSError (D:\\Projects\\chat-app\\node_modules\\ts-node\\src\\index.ts:863:19)\n' +
    '    at getOutput (D:\\Projects\\chat-app\\node_modules\\ts-node\\src\\index.ts:1077:36)\n' +
    '    at Object.compile (D:\\Projects\\chat-app\\node_modules\\ts-node\\src\\index.ts:1433:41)\n' +
    '    at Module.m._compile (D:\\Projects\\chat-app\\node_modules\\ts-node\\src\\index.ts:1617:30)\n' +
    '    at Module._extensions..js (node:internal/modules/cjs/loader:1427:10)\n' +
    '    at Object.require.extensions.<computed> [as .ts] (D:\\Projects\\chat-app\\node_modules\\ts-node\\src\\index.ts:1621:12)\n' +
    '    at Module.load (node:internal/modules/cjs/loader:1206:32)\n' +
    '    at Function.Module._load (node:internal/modules/cjs/loader:1022:12)\n' +
    '    at Module.require (node:internal/modules/cjs/loader:1231:19)',
  stack: 'TSError: ⨯ Unable to compile TypeScript:\n' +
    "backend/config/passport.ts(58,13): error TS2304: Cannot find name 'GitHubStrategy'.\r\n" +
    "backend/config/passport.ts(64,20): error TS7006: Parameter 'accessToken' implicitly has an 'any' type.\r\n" +
    "backend/config/passport.ts(64,33): error TS7006: Parameter 'refreshToken' implicitly has an 'any' type.\r\n" +
    "backend/config/passport.ts(64,47): error TS7006: Parameter 'profile' implicitly has an 'any' type.\r\n" +
    "backend/config/passport.ts(64,56): error TS7006: Parameter 'done' implicitly has an 'any' type.\r\n" +
    "backend/config/passport.ts(87,16): error TS2304: Cannot find name 'googleAuth'.\r\n" +
    '\n' +
    '    at createTSError (D:\\Projects\\chat-app\\node_modules\\ts-node\\src\\index.ts:859:12)\n' +
    '    at reportTSError (D:\\Projects\\chat-app\\node_modules\\ts-node\\src\\index.ts:863:19)\n' +
    '    at getOutput (D:\\Projects\\chat-app\\node_modules\\ts-node\\src\\index.ts:1077:36)\n' +
    '    at Object.compile (D:\\Projects\\chat-app\\node_modules\\ts-node\\src\\index.ts:1433:41)\n' +
    '    at Module.m._compile (D:\\Projects\\chat-app\\node_modules\\ts-node\\src\\index.ts:1617:30)\n' +
    '    at Module._extensions..js (node:internal/modules/cjs/loader:1427:10)\n' +
    '    at Object.require.extensions.<computed> [as .ts] (D:\\Projects\\chat-app\\node_modules\\ts-node\\src\\index.ts:1621:12)\n' +
    '    at Module.load (node:internal/modules/cjs/loader:1206:32)\n' +
    '    at Function.Module._load (node:internal/modules/cjs/loader:1022:12)\n' +
    '    at Module.require (node:internal/modules/cjs/loader:1231:19)',
  exception: true,
  date: 'Thu Oct 17 2024 15:06:12 GMT+0300 (Восточная Европа, летнее время)',
  process: {
    pid: 23132,
    uid: null,
    gid: null,
    cwd: 'D:\\Projects\\chat-app',
    execPath: 'C:\\Program Files\\nodejs\\node.exe',
    version: 'v20.12.2',
    argv: [
      'D:\\Projects\\chat-app\\node_modules\\ts-node\\dist\\bin.js',
      'D:\\Projects\\chat-app\\backend\\app.ts'
    ],
    memoryUsage: {
      rss: 399908864,
      heapTotal: 352505856,
      heapUsed: 316218376,
      external: 26941173,
      arrayBuffers: 22928233
    }
  },
  os: { loadavg: [ 0, 0, 0 ], uptime: 424570.968 },
  trace: [
    {
      column: 12,
      file: 'D:\\Projects\\chat-app\\node_modules\\ts-node\\src\\index.ts',
      function: 'createTSError',
      line: 859,
      method: null,
      native: false
    },
    {
      column: 19,
      file: 'D:\\Projects\\chat-app\\node_modules\\ts-node\\src\\index.ts',
      function: 'reportTSError',
      line: 863,
      method: null,
      native: false
    },
    {
      column: 36,
      file: 'D:\\Projects\\chat-app\\node_modules\\ts-node\\src\\index.ts',
      function: 'getOutput',
      line: 1077,
      method: null,
      native: false
    },
    {
      column: 41,
      file: 'D:\\Projects\\chat-app\\node_modules\\ts-node\\src\\index.ts',
      function: 'Object.compile',
      line: 1433,
      method: 'compile',
      native: false
    },
    {
      column: 30,
      file: 'D:\\Projects\\chat-app\\node_modules\\ts-node\\src\\index.ts',
      function: 'Module.m._compile',
      line: 1617,
      method: '_compile',
      native: false
    },
    {
      column: 10,
      file: 'node:internal/modules/cjs/loader',
      function: 'Module._extensions..js',
      line: 1427,
      method: '.js',
      native: false
    },
    {
      column: 12,
      file: 'D:\\Projects\\chat-app\\node_modules\\ts-node\\src\\index.ts',
      function: 'Object.require.extensions.<computed> [as .ts]',
      line: 1621,
      method: 'ts]',
      native: false
    },
    {
      column: 32,
      file: 'node:internal/modules/cjs/loader',
      function: 'Module.load',
      line: 1206,
      method: 'load',
      native: false
    },
    {
      column: 12,
      file: 'node:internal/modules/cjs/loader',
      function: 'Module._load',
      line: 1022,
      method: '_load',
      native: false
    },
    {
      column: 19,
      file: 'node:internal/modules/cjs/loader',
      function: 'Module.require',
      line: 1231,
      method: 'require',
      native: false
    }
  ],
  timestamp: '2024-10-17 03:06:12.989 PM'
}
{
  error: backend/config/passport.ts(58,13): error TS2304: Cannot find name 'GitHubStrategy'.
  backend/config/passport.ts(64,20): error TS7006: Parameter 'accessToken' implicitly has an 'any' type.
  backend/config/passport.ts(64,33): error TS7006: Parameter 'refreshToken' implicitly has an 'any' type.
  backend/config/passport.ts(64,47): error TS7006: Parameter 'profile' implicitly has an 'any' type.
  backend/config/passport.ts(64,56): error TS7006: Parameter 'done' implicitly has an 'any' type.
  backend/config/passport.ts(87,16): error TS2304: Cannot find name 'googleAuth'.
  backend/config/passport.ts(12,40): error TS1005: '=>' expected.
  ,
  level: 'error',
  message: 'uncaughtException: ⨯ Unable to compile TypeScript:\n' +
    "backend/config/passport.ts(58,13): error TS2304: Cannot find name 'GitHubStrategy'.\r\n" +
    "backend/config/passport.ts(64,20): error TS7006: Parameter 'accessToken' implicitly has an 'any' type.\r\n" +
    "backend/config/passport.ts(64,33): error TS7006: Parameter 'refreshToken' implicitly has an 'any' type.\r\n" +
    "backend/config/passport.ts(64,47): error TS7006: Parameter 'profile' implicitly has an 'any' type.\r\n" +
    "backend/config/passport.ts(64,56): error TS7006: Parameter 'done' implicitly has an 'any' type.\r\n" +
    "backend/config/passport.ts(87,16): error TS2304: Cannot find name 'googleAuth'.\r\n" +
    "backend/config/passport.ts(12,40): error TS1005: '=>' expected.\r\n" +
    '\n' +
    'TSError: ⨯ Unable to compile TypeScript:\n' +
    "backend/config/passport.ts(58,13): error TS2304: Cannot find name 'GitHubStrategy'.\r\n" +
    "backend/config/passport.ts(64,20): error TS7006: Parameter 'accessToken' implicitly has an 'any' type.\r\n" +
    "backend/config/passport.ts(64,33): error TS7006: Parameter 'refreshToken' implicitly has an 'any' type.\r\n" +
    "backend/config/passport.ts(64,47): error TS7006: Parameter 'profile' implicitly has an 'any' type.\r\n" +
    "backend/config/passport.ts(64,56): error TS7006: Parameter 'done' implicitly has an 'any' type.\r\n" +
    "backend/config/passport.ts(87,16): error TS2304: Cannot find name 'googleAuth'.\r\n" +
    "backend/config/passport.ts(12,40): error TS1005: '=>' expected.\r\n" +
    '\n' +
    '    at createTSError (D:\\Projects\\chat-app\\node_modules\\ts-node\\src\\index.ts:859:12)\n' +
    '    at reportTSError (D:\\Projects\\chat-app\\node_modules\\ts-node\\src\\index.ts:863:19)\n' +
    '    at getOutput (D:\\Projects\\chat-app\\node_modules\\ts-node\\src\\index.ts:1077:36)\n' +
    '    at Object.compile (D:\\Projects\\chat-app\\node_modules\\ts-node\\src\\index.ts:1433:41)\n' +
    '    at Module.m._compile (D:\\Projects\\chat-app\\node_modules\\ts-node\\src\\index.ts:1617:30)\n' +
    '    at Module._extensions..js (node:internal/modules/cjs/loader:1427:10)\n' +
    '    at Object.require.extensions.<computed> [as .ts] (D:\\Projects\\chat-app\\node_modules\\ts-node\\src\\index.ts:1621:12)\n' +
    '    at Module.load (node:internal/modules/cjs/loader:1206:32)\n' +
    '    at Function.Module._load (node:internal/modules/cjs/loader:1022:12)\n' +
    '    at Module.require (node:internal/modules/cjs/loader:1231:19)',
  stack: 'TSError: ⨯ Unable to compile TypeScript:\n' +
    "backend/config/passport.ts(58,13): error TS2304: Cannot find name 'GitHubStrategy'.\r\n" +
    "backend/config/passport.ts(64,20): error TS7006: Parameter 'accessToken' implicitly has an 'any' type.\r\n" +
    "backend/config/passport.ts(64,33): error TS7006: Parameter 'refreshToken' implicitly has an 'any' type.\r\n" +
    "backend/config/passport.ts(64,47): error TS7006: Parameter 'profile' implicitly has an 'any' type.\r\n" +
    "backend/config/passport.ts(64,56): error TS7006: Parameter 'done' implicitly has an 'any' type.\r\n" +
    "backend/config/passport.ts(87,16): error TS2304: Cannot find name 'googleAuth'.\r\n" +
    "backend/config/passport.ts(12,40): error TS1005: '=>' expected.\r\n" +
    '\n' +
    '    at createTSError (D:\\Projects\\chat-app\\node_modules\\ts-node\\src\\index.ts:859:12)\n' +
    '    at reportTSError (D:\\Projects\\chat-app\\node_modules\\ts-node\\src\\index.ts:863:19)\n' +
    '    at getOutput (D:\\Projects\\chat-app\\node_modules\\ts-node\\src\\index.ts:1077:36)\n' +
    '    at Object.compile (D:\\Projects\\chat-app\\node_modules\\ts-node\\src\\index.ts:1433:41)\n' +
    '    at Module.m._compile (D:\\Projects\\chat-app\\node_modules\\ts-node\\src\\index.ts:1617:30)\n' +
    '    at Module._extensions..js (node:internal/modules/cjs/loader:1427:10)\n' +
    '    at Object.require.extensions.<computed> [as .ts] (D:\\Projects\\chat-app\\node_modules\\ts-node\\src\\index.ts:1621:12)\n' +
    '    at Module.load (node:internal/modules/cjs/loader:1206:32)\n' +
    '    at Function.Module._load (node:internal/modules/cjs/loader:1022:12)\n' +
    '    at Module.require (node:internal/modules/cjs/loader:1231:19)',
  exception: true,
  date: 'Thu Oct 17 2024 15:06:22 GMT+0300 (Восточная Европа, летнее время)',
  process: {
    pid: 5752,
    uid: null,
    gid: null,
    cwd: 'D:\\Projects\\chat-app',
    execPath: 'C:\\Program Files\\nodejs\\node.exe',
    version: 'v20.12.2',
    argv: [
      'D:\\Projects\\chat-app\\node_modules\\ts-node\\dist\\bin.js',
      'D:\\Projects\\chat-app\\backend\\app.ts'
    ],
    memoryUsage: {
      rss: 402362368,
      heapTotal: 355127296,
      heapUsed: 321173864,
      external: 26963180,
      arrayBuffers: 22950240
    }
  },
  os: { loadavg: [ 0, 0, 0 ], uptime: 424580.765 },
  trace: [
    {
      column: 12,
      file: 'D:\\Projects\\chat-app\\node_modules\\ts-node\\src\\index.ts',
      function: 'createTSError',
      line: 859,
      method: null,
      native: false
    },
    {
      column: 19,
      file: 'D:\\Projects\\chat-app\\node_modules\\ts-node\\src\\index.ts',
      function: 'reportTSError',
      line: 863,
      method: null,
      native: false
    },
    {
      column: 36,
      file: 'D:\\Projects\\chat-app\\node_modules\\ts-node\\src\\index.ts',
      function: 'getOutput',
      line: 1077,
      method: null,
      native: false
    },
    {
      column: 41,
      file: 'D:\\Projects\\chat-app\\node_modules\\ts-node\\src\\index.ts',
      function: 'Object.compile',
      line: 1433,
      method: 'compile',
      native: false
    },
    {
      column: 30,
      file: 'D:\\Projects\\chat-app\\node_modules\\ts-node\\src\\index.ts',
      function: 'Module.m._compile',
      line: 1617,
      method: '_compile',
      native: false
    },
    {
      column: 10,
      file: 'node:internal/modules/cjs/loader',
      function: 'Module._extensions..js',
      line: 1427,
      method: '.js',
      native: false
    },
    {
      column: 12,
      file: 'D:\\Projects\\chat-app\\node_modules\\ts-node\\src\\index.ts',
      function: 'Object.require.extensions.<computed> [as .ts]',
      line: 1621,
      method: 'ts]',
      native: false
    },
    {
      column: 32,
      file: 'node:internal/modules/cjs/loader',
      function: 'Module.load',
      line: 1206,
      method: 'load',
      native: false
    },
    {
      column: 12,
      file: 'node:internal/modules/cjs/loader',
      function: 'Module._load',
      line: 1022,
      method: '_load',
      native: false
    },
    {
      column: 19,
      file: 'node:internal/modules/cjs/loader',
      function: 'Module.require',
      line: 1231,
      method: 'require',
      native: false
    }
  ],
  timestamp: '2024-10-17 03:06:22.790 PM'
}
{
  error: backend/config/passport.ts(57,9): error TS2304: Cannot find name 'GitHubStrategy'.
  backend/config/passport.ts(63,16): error TS7006: Parameter 'accessToken' implicitly has an 'any' type.
  backend/config/passport.ts(63,29): error TS7006: Parameter 'refreshToken' implicitly has an 'any' type.
  backend/config/passport.ts(63,43): error TS7006: Parameter 'profile' implicitly has an 'any' type.
  backend/config/passport.ts(63,52): error TS7006: Parameter 'done' implicitly has an 'any' type.
  backend/config/passport.ts(86,16): error TS2304: Cannot find name 'googleAuth'.
  ,
  level: 'error',
  message: 'uncaughtException: ⨯ Unable to compile TypeScript:\n' +
    "backend/config/passport.ts(57,9): error TS2304: Cannot find name 'GitHubStrategy'.\r\n" +
    "backend/config/passport.ts(63,16): error TS7006: Parameter 'accessToken' implicitly has an 'any' type.\r\n" +
    "backend/config/passport.ts(63,29): error TS7006: Parameter 'refreshToken' implicitly has an 'any' type.\r\n" +
    "backend/config/passport.ts(63,43): error TS7006: Parameter 'profile' implicitly has an 'any' type.\r\n" +
    "backend/config/passport.ts(63,52): error TS7006: Parameter 'done' implicitly has an 'any' type.\r\n" +
    "backend/config/passport.ts(86,16): error TS2304: Cannot find name 'googleAuth'.\r\n" +
    '\n' +
    'TSError: ⨯ Unable to compile TypeScript:\n' +
    "backend/config/passport.ts(57,9): error TS2304: Cannot find name 'GitHubStrategy'.\r\n" +
    "backend/config/passport.ts(63,16): error TS7006: Parameter 'accessToken' implicitly has an 'any' type.\r\n" +
    "backend/config/passport.ts(63,29): error TS7006: Parameter 'refreshToken' implicitly has an 'any' type.\r\n" +
    "backend/config/passport.ts(63,43): error TS7006: Parameter 'profile' implicitly has an 'any' type.\r\n" +
    "backend/config/passport.ts(63,52): error TS7006: Parameter 'done' implicitly has an 'any' type.\r\n" +
    "backend/config/passport.ts(86,16): error TS2304: Cannot find name 'googleAuth'.\r\n" +
    '\n' +
    '    at createTSError (D:\\Projects\\chat-app\\node_modules\\ts-node\\src\\index.ts:859:12)\n' +
    '    at reportTSError (D:\\Projects\\chat-app\\node_modules\\ts-node\\src\\index.ts:863:19)\n' +
    '    at getOutput (D:\\Projects\\chat-app\\node_modules\\ts-node\\src\\index.ts:1077:36)\n' +
    '    at Object.compile (D:\\Projects\\chat-app\\node_modules\\ts-node\\src\\index.ts:1433:41)\n' +
    '    at Module.m._compile (D:\\Projects\\chat-app\\node_modules\\ts-node\\src\\index.ts:1617:30)\n' +
    '    at Module._extensions..js (node:internal/modules/cjs/loader:1427:10)\n' +
    '    at Object.require.extensions.<computed> [as .ts] (D:\\Projects\\chat-app\\node_modules\\ts-node\\src\\index.ts:1621:12)\n' +
    '    at Module.load (node:internal/modules/cjs/loader:1206:32)\n' +
    '    at Function.Module._load (node:internal/modules/cjs/loader:1022:12)\n' +
    '    at Module.require (node:internal/modules/cjs/loader:1231:19)',
  stack: 'TSError: ⨯ Unable to compile TypeScript:\n' +
    "backend/config/passport.ts(57,9): error TS2304: Cannot find name 'GitHubStrategy'.\r\n" +
    "backend/config/passport.ts(63,16): error TS7006: Parameter 'accessToken' implicitly has an 'any' type.\r\n" +
    "backend/config/passport.ts(63,29): error TS7006: Parameter 'refreshToken' implicitly has an 'any' type.\r\n" +
    "backend/config/passport.ts(63,43): error TS7006: Parameter 'profile' implicitly has an 'any' type.\r\n" +
    "backend/config/passport.ts(63,52): error TS7006: Parameter 'done' implicitly has an 'any' type.\r\n" +
    "backend/config/passport.ts(86,16): error TS2304: Cannot find name 'googleAuth'.\r\n" +
    '\n' +
    '    at createTSError (D:\\Projects\\chat-app\\node_modules\\ts-node\\src\\index.ts:859:12)\n' +
    '    at reportTSError (D:\\Projects\\chat-app\\node_modules\\ts-node\\src\\index.ts:863:19)\n' +
    '    at getOutput (D:\\Projects\\chat-app\\node_modules\\ts-node\\src\\index.ts:1077:36)\n' +
    '    at Object.compile (D:\\Projects\\chat-app\\node_modules\\ts-node\\src\\index.ts:1433:41)\n' +
    '    at Module.m._compile (D:\\Projects\\chat-app\\node_modules\\ts-node\\src\\index.ts:1617:30)\n' +
    '    at Module._extensions..js (node:internal/modules/cjs/loader:1427:10)\n' +
    '    at Object.require.extensions.<computed> [as .ts] (D:\\Projects\\chat-app\\node_modules\\ts-node\\src\\index.ts:1621:12)\n' +
    '    at Module.load (node:internal/modules/cjs/loader:1206:32)\n' +
    '    at Function.Module._load (node:internal/modules/cjs/loader:1022:12)\n' +
    '    at Module.require (node:internal/modules/cjs/loader:1231:19)',
  exception: true,
  date: 'Thu Oct 17 2024 15:06:30 GMT+0300 (Восточная Европа, летнее время)',
  process: {
    pid: 5516,
    uid: null,
    gid: null,
    cwd: 'D:\\Projects\\chat-app',
    execPath: 'C:\\Program Files\\nodejs\\node.exe',
    version: 'v20.12.2',
    argv: [
      'D:\\Projects\\chat-app\\node_modules\\ts-node\\dist\\bin.js',
      'D:\\Projects\\chat-app\\backend\\app.ts'
    ],
    memoryUsage: {
      rss: 401158144,
      heapTotal: 351981568,
      heapUsed: 317440296,
      external: 26941013,
      arrayBuffers: 22928073
    }
  },
  os: { loadavg: [ 0, 0, 0 ], uptime: 424588.453 },
  trace: [
    {
      column: 12,
      file: 'D:\\Projects\\chat-app\\node_modules\\ts-node\\src\\index.ts',
      function: 'createTSError',
      line: 859,
      method: null,
      native: false
    },
    {
      column: 19,
      file: 'D:\\Projects\\chat-app\\node_modules\\ts-node\\src\\index.ts',
      function: 'reportTSError',
      line: 863,
      method: null,
      native: false
    },
    {
      column: 36,
      file: 'D:\\Projects\\chat-app\\node_modules\\ts-node\\src\\index.ts',
      function: 'getOutput',
      line: 1077,
      method: null,
      native: false
    },
    {
      column: 41,
      file: 'D:\\Projects\\chat-app\\node_modules\\ts-node\\src\\index.ts',
      function: 'Object.compile',
      line: 1433,
      method: 'compile',
      native: false
    },
    {
      column: 30,
      file: 'D:\\Projects\\chat-app\\node_modules\\ts-node\\src\\index.ts',
      function: 'Module.m._compile',
      line: 1617,
      method: '_compile',
      native: false
    },
    {
      column: 10,
      file: 'node:internal/modules/cjs/loader',
      function: 'Module._extensions..js',
      line: 1427,
      method: '.js',
      native: false
    },
    {
      column: 12,
      file: 'D:\\Projects\\chat-app\\node_modules\\ts-node\\src\\index.ts',
      function: 'Object.require.extensions.<computed> [as .ts]',
      line: 1621,
      method: 'ts]',
      native: false
    },
    {
      column: 32,
      file: 'node:internal/modules/cjs/loader',
      function: 'Module.load',
      line: 1206,
      method: 'load',
      native: false
    },
    {
      column: 12,
      file: 'node:internal/modules/cjs/loader',
      function: 'Module._load',
      line: 1022,
      method: '_load',
      native: false
    },
    {
      column: 19,
      file: 'node:internal/modules/cjs/loader',
      function: 'Module.require',
      line: 1231,
      method: 'require',
      native: false
    }
  ],
  timestamp: '2024-10-17 03:06:30.485 PM'
}
{
  error: backend/config/passport.ts(59,9): error TS2304: Cannot find name 'GitHubStrategy'.
  backend/config/passport.ts(65,16): error TS7006: Parameter 'accessToken' implicitly has an 'any' type.
  backend/config/passport.ts(65,29): error TS7006: Parameter 'refreshToken' implicitly has an 'any' type.
  backend/config/passport.ts(65,43): error TS7006: Parameter 'profile' implicitly has an 'any' type.
  backend/config/passport.ts(65,52): error TS7006: Parameter 'done' implicitly has an 'any' type.
  backend/config/passport.ts(88,16): error TS2304: Cannot find name 'googleAuth'.
  ,
  level: 'error',
  message: 'uncaughtException: ⨯ Unable to compile TypeScript:\n' +
    "backend/config/passport.ts(59,9): error TS2304: Cannot find name 'GitHubStrategy'.\r\n" +
    "backend/config/passport.ts(65,16): error TS7006: Parameter 'accessToken' implicitly has an 'any' type.\r\n" +
    "backend/config/passport.ts(65,29): error TS7006: Parameter 'refreshToken' implicitly has an 'any' type.\r\n" +
    "backend/config/passport.ts(65,43): error TS7006: Parameter 'profile' implicitly has an 'any' type.\r\n" +
    "backend/config/passport.ts(65,52): error TS7006: Parameter 'done' implicitly has an 'any' type.\r\n" +
    "backend/config/passport.ts(88,16): error TS2304: Cannot find name 'googleAuth'.\r\n" +
    '\n' +
    'TSError: ⨯ Unable to compile TypeScript:\n' +
    "backend/config/passport.ts(59,9): error TS2304: Cannot find name 'GitHubStrategy'.\r\n" +
    "backend/config/passport.ts(65,16): error TS7006: Parameter 'accessToken' implicitly has an 'any' type.\r\n" +
    "backend/config/passport.ts(65,29): error TS7006: Parameter 'refreshToken' implicitly has an 'any' type.\r\n" +
    "backend/config/passport.ts(65,43): error TS7006: Parameter 'profile' implicitly has an 'any' type.\r\n" +
    "backend/config/passport.ts(65,52): error TS7006: Parameter 'done' implicitly has an 'any' type.\r\n" +
    "backend/config/passport.ts(88,16): error TS2304: Cannot find name 'googleAuth'.\r\n" +
    '\n' +
    '    at createTSError (D:\\Projects\\chat-app\\node_modules\\ts-node\\src\\index.ts:859:12)\n' +
    '    at reportTSError (D:\\Projects\\chat-app\\node_modules\\ts-node\\src\\index.ts:863:19)\n' +
    '    at getOutput (D:\\Projects\\chat-app\\node_modules\\ts-node\\src\\index.ts:1077:36)\n' +
    '    at Object.compile (D:\\Projects\\chat-app\\node_modules\\ts-node\\src\\index.ts:1433:41)\n' +
    '    at Module.m._compile (D:\\Projects\\chat-app\\node_modules\\ts-node\\src\\index.ts:1617:30)\n' +
    '    at Module._extensions..js (node:internal/modules/cjs/loader:1427:10)\n' +
    '    at Object.require.extensions.<computed> [as .ts] (D:\\Projects\\chat-app\\node_modules\\ts-node\\src\\index.ts:1621:12)\n' +
    '    at Module.load (node:internal/modules/cjs/loader:1206:32)\n' +
    '    at Function.Module._load (node:internal/modules/cjs/loader:1022:12)\n' +
    '    at Module.require (node:internal/modules/cjs/loader:1231:19)',
  stack: 'TSError: ⨯ Unable to compile TypeScript:\n' +
    "backend/config/passport.ts(59,9): error TS2304: Cannot find name 'GitHubStrategy'.\r\n" +
    "backend/config/passport.ts(65,16): error TS7006: Parameter 'accessToken' implicitly has an 'any' type.\r\n" +
    "backend/config/passport.ts(65,29): error TS7006: Parameter 'refreshToken' implicitly has an 'any' type.\r\n" +
    "backend/config/passport.ts(65,43): error TS7006: Parameter 'profile' implicitly has an 'any' type.\r\n" +
    "backend/config/passport.ts(65,52): error TS7006: Parameter 'done' implicitly has an 'any' type.\r\n" +
    "backend/config/passport.ts(88,16): error TS2304: Cannot find name 'googleAuth'.\r\n" +
    '\n' +
    '    at createTSError (D:\\Projects\\chat-app\\node_modules\\ts-node\\src\\index.ts:859:12)\n' +
    '    at reportTSError (D:\\Projects\\chat-app\\node_modules\\ts-node\\src\\index.ts:863:19)\n' +
    '    at getOutput (D:\\Projects\\chat-app\\node_modules\\ts-node\\src\\index.ts:1077:36)\n' +
    '    at Object.compile (D:\\Projects\\chat-app\\node_modules\\ts-node\\src\\index.ts:1433:41)\n' +
    '    at Module.m._compile (D:\\Projects\\chat-app\\node_modules\\ts-node\\src\\index.ts:1617:30)\n' +
    '    at Module._extensions..js (node:internal/modules/cjs/loader:1427:10)\n' +
    '    at Object.require.extensions.<computed> [as .ts] (D:\\Projects\\chat-app\\node_modules\\ts-node\\src\\index.ts:1621:12)\n' +
    '    at Module.load (node:internal/modules/cjs/loader:1206:32)\n' +
    '    at Function.Module._load (node:internal/modules/cjs/loader:1022:12)\n' +
    '    at Module.require (node:internal/modules/cjs/loader:1231:19)',
  exception: true,
  date: 'Thu Oct 17 2024 15:06:43 GMT+0300 (Восточная Европа, летнее время)',
  process: {
    pid: 24020,
    uid: null,
    gid: null,
    cwd: 'D:\\Projects\\chat-app',
    execPath: 'C:\\Program Files\\nodejs\\node.exe',
    version: 'v20.12.2',
    argv: [
      'D:\\Projects\\chat-app\\node_modules\\ts-node\\dist\\bin.js',
      'D:\\Projects\\chat-app\\backend\\app.ts'
    ],
    memoryUsage: {
      rss: 404488192,
      heapTotal: 352960512,
      heapUsed: 322577904,
      external: 26900295,
      arrayBuffers: 22949767
    }
  },
  os: { loadavg: [ 0, 0, 0 ], uptime: 424601.046 },
  trace: [
    {
      column: 12,
      file: 'D:\\Projects\\chat-app\\node_modules\\ts-node\\src\\index.ts',
      function: 'createTSError',
      line: 859,
      method: null,
      native: false
    },
    {
      column: 19,
      file: 'D:\\Projects\\chat-app\\node_modules\\ts-node\\src\\index.ts',
      function: 'reportTSError',
      line: 863,
      method: null,
      native: false
    },
    {
      column: 36,
      file: 'D:\\Projects\\chat-app\\node_modules\\ts-node\\src\\index.ts',
      function: 'getOutput',
      line: 1077,
      method: null,
      native: false
    },
    {
      column: 41,
      file: 'D:\\Projects\\chat-app\\node_modules\\ts-node\\src\\index.ts',
      function: 'Object.compile',
      line: 1433,
      method: 'compile',
      native: false
    },
    {
      column: 30,
      file: 'D:\\Projects\\chat-app\\node_modules\\ts-node\\src\\index.ts',
      function: 'Module.m._compile',
      line: 1617,
      method: '_compile',
      native: false
    },
    {
      column: 10,
      file: 'node:internal/modules/cjs/loader',
      function: 'Module._extensions..js',
      line: 1427,
      method: '.js',
      native: false
    },
    {
      column: 12,
      file: 'D:\\Projects\\chat-app\\node_modules\\ts-node\\src\\index.ts',
      function: 'Object.require.extensions.<computed> [as .ts]',
      line: 1621,
      method: 'ts]',
      native: false
    },
    {
      column: 32,
      file: 'node:internal/modules/cjs/loader',
      function: 'Module.load',
      line: 1206,
      method: 'load',
      native: false
    },
    {
      column: 12,
      file: 'node:internal/modules/cjs/loader',
      function: 'Module._load',
      line: 1022,
      method: '_load',
      native: false
    },
    {
      column: 19,
      file: 'node:internal/modules/cjs/loader',
      function: 'Module.require',
      line: 1231,
      method: 'require',
      native: false
    }
  ],
  timestamp: '2024-10-17 03:06:43.066 PM'
}
{
  error: backend/config/passport.ts(66,9): error TS2304: Cannot find name 'GitHubStrategy'.
  backend/config/passport.ts(72,16): error TS7006: Parameter 'accessToken' implicitly has an 'any' type.
  backend/config/passport.ts(72,29): error TS7006: Parameter 'refreshToken' implicitly has an 'any' type.
  backend/config/passport.ts(72,43): error TS7006: Parameter 'profile' implicitly has an 'any' type.
  backend/config/passport.ts(72,52): error TS7006: Parameter 'done' implicitly has an 'any' type.
  backend/config/passport.ts(95,16): error TS2304: Cannot find name 'googleAuth'.
  ,
  level: 'error',
  message: 'uncaughtException: ⨯ Unable to compile TypeScript:\n' +
    "backend/config/passport.ts(66,9): error TS2304: Cannot find name 'GitHubStrategy'.\r\n" +
    "backend/config/passport.ts(72,16): error TS7006: Parameter 'accessToken' implicitly has an 'any' type.\r\n" +
    "backend/config/passport.ts(72,29): error TS7006: Parameter 'refreshToken' implicitly has an 'any' type.\r\n" +
    "backend/config/passport.ts(72,43): error TS7006: Parameter 'profile' implicitly has an 'any' type.\r\n" +
    "backend/config/passport.ts(72,52): error TS7006: Parameter 'done' implicitly has an 'any' type.\r\n" +
    "backend/config/passport.ts(95,16): error TS2304: Cannot find name 'googleAuth'.\r\n" +
    '\n' +
    'TSError: ⨯ Unable to compile TypeScript:\n' +
    "backend/config/passport.ts(66,9): error TS2304: Cannot find name 'GitHubStrategy'.\r\n" +
    "backend/config/passport.ts(72,16): error TS7006: Parameter 'accessToken' implicitly has an 'any' type.\r\n" +
    "backend/config/passport.ts(72,29): error TS7006: Parameter 'refreshToken' implicitly has an 'any' type.\r\n" +
    "backend/config/passport.ts(72,43): error TS7006: Parameter 'profile' implicitly has an 'any' type.\r\n" +
    "backend/config/passport.ts(72,52): error TS7006: Parameter 'done' implicitly has an 'any' type.\r\n" +
    "backend/config/passport.ts(95,16): error TS2304: Cannot find name 'googleAuth'.\r\n" +
    '\n' +
    '    at createTSError (D:\\Projects\\chat-app\\node_modules\\ts-node\\src\\index.ts:859:12)\n' +
    '    at reportTSError (D:\\Projects\\chat-app\\node_modules\\ts-node\\src\\index.ts:863:19)\n' +
    '    at getOutput (D:\\Projects\\chat-app\\node_modules\\ts-node\\src\\index.ts:1077:36)\n' +
    '    at Object.compile (D:\\Projects\\chat-app\\node_modules\\ts-node\\src\\index.ts:1433:41)\n' +
    '    at Module.m._compile (D:\\Projects\\chat-app\\node_modules\\ts-node\\src\\index.ts:1617:30)\n' +
    '    at Module._extensions..js (node:internal/modules/cjs/loader:1427:10)\n' +
    '    at Object.require.extensions.<computed> [as .ts] (D:\\Projects\\chat-app\\node_modules\\ts-node\\src\\index.ts:1621:12)\n' +
    '    at Module.load (node:internal/modules/cjs/loader:1206:32)\n' +
    '    at Function.Module._load (node:internal/modules/cjs/loader:1022:12)\n' +
    '    at Module.require (node:internal/modules/cjs/loader:1231:19)',
  stack: 'TSError: ⨯ Unable to compile TypeScript:\n' +
    "backend/config/passport.ts(66,9): error TS2304: Cannot find name 'GitHubStrategy'.\r\n" +
    "backend/config/passport.ts(72,16): error TS7006: Parameter 'accessToken' implicitly has an 'any' type.\r\n" +
    "backend/config/passport.ts(72,29): error TS7006: Parameter 'refreshToken' implicitly has an 'any' type.\r\n" +
    "backend/config/passport.ts(72,43): error TS7006: Parameter 'profile' implicitly has an 'any' type.\r\n" +
    "backend/config/passport.ts(72,52): error TS7006: Parameter 'done' implicitly has an 'any' type.\r\n" +
    "backend/config/passport.ts(95,16): error TS2304: Cannot find name 'googleAuth'.\r\n" +
    '\n' +
    '    at createTSError (D:\\Projects\\chat-app\\node_modules\\ts-node\\src\\index.ts:859:12)\n' +
    '    at reportTSError (D:\\Projects\\chat-app\\node_modules\\ts-node\\src\\index.ts:863:19)\n' +
    '    at getOutput (D:\\Projects\\chat-app\\node_modules\\ts-node\\src\\index.ts:1077:36)\n' +
    '    at Object.compile (D:\\Projects\\chat-app\\node_modules\\ts-node\\src\\index.ts:1433:41)\n' +
    '    at Module.m._compile (D:\\Projects\\chat-app\\node_modules\\ts-node\\src\\index.ts:1617:30)\n' +
    '    at Module._extensions..js (node:internal/modules/cjs/loader:1427:10)\n' +
    '    at Object.require.extensions.<computed> [as .ts] (D:\\Projects\\chat-app\\node_modules\\ts-node\\src\\index.ts:1621:12)\n' +
    '    at Module.load (node:internal/modules/cjs/loader:1206:32)\n' +
    '    at Function.Module._load (node:internal/modules/cjs/loader:1022:12)\n' +
    '    at Module.require (node:internal/modules/cjs/loader:1231:19)',
  exception: true,
  date: 'Thu Oct 17 2024 15:06:59 GMT+0300 (Восточная Европа, летнее время)',
  process: {
    pid: 15568,
    uid: null,
    gid: null,
    cwd: 'D:\\Projects\\chat-app',
    execPath: 'C:\\Program Files\\nodejs\\node.exe',
    version: 'v20.12.2',
    argv: [
      'D:\\Projects\\chat-app\\node_modules\\ts-node\\dist\\bin.js',
      'D:\\Projects\\chat-app\\backend\\app.ts'
    ],
    memoryUsage: {
      rss: 399654912,
      heapTotal: 352243712,
      heapUsed: 317726216,
      external: 26941149,
      arrayBuffers: 22928209
    }
  },
  os: { loadavg: [ 0, 0, 0 ], uptime: 424617.015 },
  trace: [
    {
      column: 12,
      file: 'D:\\Projects\\chat-app\\node_modules\\ts-node\\src\\index.ts',
      function: 'createTSError',
      line: 859,
      method: null,
      native: false
    },
    {
      column: 19,
      file: 'D:\\Projects\\chat-app\\node_modules\\ts-node\\src\\index.ts',
      function: 'reportTSError',
      line: 863,
      method: null,
      native: false
    },
    {
      column: 36,
      file: 'D:\\Projects\\chat-app\\node_modules\\ts-node\\src\\index.ts',
      function: 'getOutput',
      line: 1077,
      method: null,
      native: false
    },
    {
      column: 41,
      file: 'D:\\Projects\\chat-app\\node_modules\\ts-node\\src\\index.ts',
      function: 'Object.compile',
      line: 1433,
      method: 'compile',
      native: false
    },
    {
      column: 30,
      file: 'D:\\Projects\\chat-app\\node_modules\\ts-node\\src\\index.ts',
      function: 'Module.m._compile',
      line: 1617,
      method: '_compile',
      native: false
    },
    {
      column: 10,
      file: 'node:internal/modules/cjs/loader',
      function: 'Module._extensions..js',
      line: 1427,
      method: '.js',
      native: false
    },
    {
      column: 12,
      file: 'D:\\Projects\\chat-app\\node_modules\\ts-node\\src\\index.ts',
      function: 'Object.require.extensions.<computed> [as .ts]',
      line: 1621,
      method: 'ts]',
      native: false
    },
    {
      column: 32,
      file: 'node:internal/modules/cjs/loader',
      function: 'Module.load',
      line: 1206,
      method: 'load',
      native: false
    },
    {
      column: 12,
      file: 'node:internal/modules/cjs/loader',
      function: 'Module._load',
      line: 1022,
      method: '_load',
      native: false
    },
    {
      column: 19,
      file: 'node:internal/modules/cjs/loader',
      function: 'Module.require',
      line: 1231,
      method: 'require',
      native: false
    }
  ],
  timestamp: '2024-10-17 03:06:59.042 PM'
}
